SF:lib/data/data_sources/local/database/database.g.dart
DA:13,0
DA:14,0
DA:19,1
DA:20,1
DA:24,1
DA:33,0
DA:34,0
DA:39,0
DA:40,0
DA:45,1
DA:46,1
DA:47,0
DA:49,1
DA:50,2
DA:52,1
DA:53,1
DA:60,1
DA:61,2
DA:66,1
DA:71,1
DA:73,1
DA:74,1
DA:75,0
DA:77,1
DA:78,0
DA:80,0
DA:81,0
DA:84,0
DA:86,1
DA:87,1
DA:90,0
DA:93,2
DA:96,1
DA:98,4
DA:103,1
DA:106,1
DA:107,1
DA:110,2
DA:111,1
DA:112,1
DA:113,1
DA:114,1
DA:115,1
DA:116,1
DA:117,1
DA:119,1
DA:122,1
DA:123,2
DA:124,1
DA:125,1
DA:126,1
DA:127,1
DA:128,1
DA:129,1
DA:130,1
DA:132,1
DA:135,1
DA:136,2
DA:137,1
DA:138,1
DA:139,1
DA:140,1
DA:141,1
DA:142,1
DA:143,1
DA:158,1
DA:160,2
DA:161,2
DA:162,1
DA:163,1
DA:164,1
DA:165,2
DA:166,1
DA:167,1
DA:168,1
DA:169,1
DA:172,1
DA:174,2
DA:176,2
DA:177,1
DA:178,1
DA:179,1
DA:180,2
DA:181,1
DA:182,1
DA:183,1
DA:184,1
DA:187,1
DA:189,2
DA:191,2
DA:192,1
DA:193,1
DA:194,1
DA:195,2
DA:196,1
DA:197,1
DA:198,1
DA:201,1
DA:203,2
DA:206,1
DA:208,2
DA:211,1
DA:213,2
LF:103
LH:90
end_of_record
SF:lib/data/models/todo_db.dart
DA:19,1
DA:32,1
DA:33,1
DA:34,1
DA:35,1
DA:36,1
DA:37,1
DA:38,2
DA:39,2
DA:40,2
LF:10
LH:10
end_of_record
SF:lib/domain/entities/todo.dart
DA:14,1
DA:24,1
DA:33,1
DA:34,1
DA:35,0
DA:36,1
DA:37,0
DA:38,1
DA:39,0
DA:40,1
DA:44,1
DA:45,1
DA:46,1
DA:47,1
DA:48,1
DA:49,1
DA:50,1
DA:51,1
DA:52,1
LF:19
LH:16
end_of_record
SF:lib/data/repository_implementation/todo_db_repository.dart
DA:10,1
DA:17,0
DA:18,0
DA:19,0
DA:22,1
DA:24,1
DA:25,1
DA:26,2
DA:27,1
DA:31,1
DA:33,1
DA:34,3
DA:35,1
DA:38,0
DA:40,0
DA:41,0
DA:42,0
DA:45,1
DA:47,1
DA:48,1
DA:49,3
DA:52,1
DA:54,1
DA:55,4
DA:57,0
DA:59,4
DA:63,1
DA:65,1
DA:66,3
DA:67,1
DA:71,1
DA:72,1
DA:73,1
DA:74,1
DA:75,1
DA:76,1
DA:77,2
DA:78,2
DA:79,2
LF:39
LH:31
end_of_record
SF:lib/domain/use_cases/delete_todo_use_case.dart
DA:6,1
DA:10,1
DA:12,2
LF:3
LH:3
end_of_record
SF:lib/domain/use_cases/get_earliest_todo_date_use_case.dart
DA:6,1
DA:10,1
DA:12,2
DA:13,1
LF:4
LH:4
end_of_record
SF:lib/domain/use_cases/get_todo_by_date_use_case.dart
DA:6,1
DA:10,1
DA:12,2
LF:3
LH:3
end_of_record
SF:lib/domain/use_cases/insert_todo_use_case.dart
DA:6,1
DA:10,1
DA:12,2
LF:3
LH:3
end_of_record
SF:lib/domain/use_cases/update_todo_use_case.dart
DA:6,1
DA:10,1
DA:12,2
LF:3
LH:3
end_of_record
